# JRE version: Java(TM) SE Runtime Environment (8.0_60-b27) (build 1.8.0_60-b27)
# Java VM: Java HotSpot(TM) 64-Bit Server VM (25.60-b23 mixed mode windows-amd64 compressed oops)
Heap:
 PSYoungGen      total 65536K, used 37573K [0x000000076b100000, 0x000000076fe00000, 0x00000007c0000000)
  eden space 54272K, 54% used [0x000000076b100000,0x000000076ce116e0,0x000000076e600000)
  from space 11264K, 69% used [0x000000076f300000,0x000000076faa0010,0x000000076fe00000)
  to   space 12288K, 0% used [0x000000076e600000,0x000000076e600000,0x000000076f200000)
 ParOldGen       total 84992K, used 17602K [0x00000006c1200000, 0x00000006c6500000, 0x000000076b100000)
  object space 84992K, 20% used [0x00000006c1200000,0x00000006c2330a68,0x00000006c6500000)
 Metaspace       used 37651K, capacity 39794K, committed 39984K, reserved 1083392K
  class space    used 5011K, capacity 5412K, committed 5424K, reserved 1048576K
GC Heap History (10 events):
Event: 107.359 GC heap before
{Heap before GC invocations=12 (full 2):
 PSYoungGen      total 67584K, used 67200K [0x000000076b100000, 0x0000000770500000, 0x00000007c0000000)
  eden space 59392K, 100% used [0x000000076b100000,0x000000076eb00000,0x000000076eb00000)
  from space 8192K, 95% used [0x000000076ec00000,0x000000076f3a0010,0x000000076f400000)
  to   space 13312K, 0% used [0x000000076f800000,0x000000076f800000,0x0000000770500000)
 ParOldGen       total 84992K, used 17562K [0x00000006c1200000, 0x00000006c6500000, 0x000000076b100000)
  object space 84992K, 20% used [0x00000006c1200000,0x00000006c2326a50,0x00000006c6500000)
 Metaspace       used 37493K, capacity 39658K, committed 39728K, reserved 1083392K
  class space    used 5011K, capacity 5412K, committed 5424K, reserved 1048576K
Event: 107.366 GC heap after
Heap after GC invocations=12 (full 2):
 PSYoungGen      total 70656K, used 6688K [0x000000076b100000, 0x0000000770400000, 0x00000007c0000000)
  eden space 58368K, 0% used [0x000000076b100000,0x000000076b100000,0x000000076ea00000)
  from space 12288K, 54% used [0x000000076f800000,0x000000076fe88010,0x0000000770400000)
  to   space 13312K, 0% used [0x000000076ea00000,0x000000076ea00000,0x000000076f700000)
 ParOldGen       total 84992K, used 17570K [0x00000006c1200000, 0x00000006c6500000, 0x000000076b100000)
  object space 84992K, 20% used [0x00000006c1200000,0x00000006c2328a50,0x00000006c6500000)
 Metaspace       used 37493K, capacity 39658K, committed 39728K, reserved 1083392K
  class space    used 5011K, capacity 5412K, committed 5424K, reserved 1048576K
}
Event: 110.953 GC heap before
{Heap before GC invocations=13 (full 2):
 PSYoungGen      total 70656K, used 65056K [0x000000076b100000, 0x0000000770400000, 0x00000007c0000000)
  eden space 58368K, 100% used [0x000000076b100000,0x000000076ea00000,0x000000076ea00000)
  from space 12288K, 54% used [0x000000076f800000,0x000000076fe88010,0x0000000770400000)
  to   space 13312K, 0% used [0x000000076ea00000,0x000000076ea00000,0x000000076f700000)
 ParOldGen       total 84992K, used 17570K [0x00000006c1200000, 0x00000006c6500000, 0x000000076b100000)
  object space 84992K, 20% used [0x00000006c1200000,0x00000006c2328a50,0x00000006c6500000)
 Metaspace       used 37538K, capacity 39666K, committed 39728K, reserved 1083392K
  class space    used 5011K, capacity 5412K, committed 5424K, reserved 1048576K
Event: 110.964 GC heap after
Heap after GC invocations=13 (full 2):
 PSYoungGen      total 65536K, used 7776K [0x000000076b100000, 0x0000000770200000, 0x00000007c0000000)
  eden space 57344K, 0% used [0x000000076b100000,0x000000076b100000,0x000000076e900000)
  from space 8192K, 94% used [0x000000076ea00000,0x000000076f198010,0x000000076f200000)
  to   space 12800K, 0% used [0x000000076f580000,0x000000076f580000,0x0000000770200000)
 ParOldGen       total 84992K, used 17578K [0x00000006c1200000, 0x00000006c6500000, 0x000000076b100000)
  object space 84992K, 20% used [0x00000006c1200000,0x00000006c232aa50,0x00000006c6500000)
 Metaspace       used 37538K, capacity 39666K, committed 39728K, reserved 1083392K
  class space    used 5011K, capacity 5412K, committed 5424K, reserved 1048576K
}
Event: 115.001 GC heap before
{Heap before GC invocations=14 (full 2):
 PSYoungGen      total 65536K, used 65120K [0x000000076b100000, 0x0000000770200000, 0x00000007c0000000)
  eden space 57344K, 100% used [0x000000076b100000,0x000000076e900000,0x000000076e900000)
  from space 8192K, 94% used [0x000000076ea00000,0x000000076f198010,0x000000076f200000)
  to   space 12800K, 0% used [0x000000076f580000,0x000000076f580000,0x0000000770200000)
 ParOldGen       total 84992K, used 17578K [0x00000006c1200000, 0x00000006c6500000, 0x000000076b100000)
  object space 84992K, 20% used [0x00000006c1200000,0x00000006c232aa50,0x00000006c6500000)
 Metaspace       used 37581K, capacity 39730K, committed 39984K, reserved 1083392K
  class space    used 5011K, capacity 5412K, committed 5424K, reserved 1048576K
Event: 115.012 GC heap after
Heap after GC invocations=14 (full 2):
 PSYoungGen      total 68096K, used 7840K [0x000000076b100000, 0x0000000770100000, 0x00000007c0000000)
  eden space 56320K, 0% used [0x000000076b100000,0x000000076b100000,0x000000076e800000)
  from space 11776K, 66% used [0x000000076f580000,0x000000076fd28010,0x0000000770100000)
  to   space 12800K, 0% used [0x000000076e800000,0x000000076e800000,0x000000076f480000)
 ParOldGen       total 84992K, used 17586K [0x00000006c1200000, 0x00000006c6500000, 0x000000076b100000)
  object space 84992K, 20% used [0x00000006c1200000,0x00000006c232ca50,0x00000006c6500000)
 Metaspace       used 37581K, capacity 39730K, committed 39984K, reserved 1083392K
  class space    used 5011K, capacity 5412K, committed 5424K, reserved 1048576K
}
Event: 118.553 GC heap before
{Heap before GC invocations=15 (full 2):
 PSYoungGen      total 68096K, used 64160K [0x000000076b100000, 0x0000000770100000, 0x00000007c0000000)
  eden space 56320K, 100% used [0x000000076b100000,0x000000076e800000,0x000000076e800000)
  from space 11776K, 66% used [0x000000076f580000,0x000000076fd28010,0x0000000770100000)
  to   space 12800K, 0% used [0x000000076e800000,0x000000076e800000,0x000000076f480000)
 ParOldGen       total 84992K, used 17586K [0x00000006c1200000, 0x00000006c6500000, 0x000000076b100000)
  object space 84992K, 20% used [0x00000006c1200000,0x00000006c232ca50,0x00000006c6500000)
 Metaspace       used 37625K, capacity 39730K, committed 39984K, reserved 1083392K
  class space    used 5011K, capacity 5412K, committed 5424K, reserved 1048576K
Event: 118.562 GC heap after
Heap after GC invocations=15 (full 2):
 PSYoungGen      total 62464K, used 6688K [0x000000076b100000, 0x000000076ff00000, 0x00000007c0000000)
  eden space 55296K, 0% used [0x000000076b100000,0x000000076b100000,0x000000076e700000)
  from space 7168K, 93% used [0x000000076e800000,0x000000076ee88010,0x000000076ef00000)
  to   space 12288K, 0% used [0x000000076f300000,0x000000076f300000,0x000000076ff00000)
 ParOldGen       total 84992K, used 17594K [0x00000006c1200000, 0x00000006c6500000, 0x000000076b100000)
  object space 84992K, 20% used [0x00000006c1200000,0x00000006c232ea50,0x00000006c6500000)
 Metaspace       used 37625K, capacity 39730K, committed 39984K, reserved 1083392K
  class space    used 5011K, capacity 5412K, committed 5424K, reserved 1048576K
}
Event: 123.113 GC heap before
{Heap before GC invocations=16 (full 2):
 PSYoungGen      total 62464K, used 61984K [0x000000076b100000, 0x000000076ff00000, 0x00000007c0000000)
  eden space 55296K, 100% used [0x000000076b100000,0x000000076e700000,0x000000076e700000)
  from space 7168K, 93% used [0x000000076e800000,0x000000076ee88010,0x000000076ef00000)
  to   space 12288K, 0% used [0x000000076f300000,0x000000076f300000,0x000000076ff00000)
 ParOldGen       total 84992K, used 17594K [0x00000006c1200000, 0x00000006c6500000, 0x000000076b100000)
  object space 84992K, 20% used [0x00000006c1200000,0x00000006c232ea68,0x00000006c6500000)
 Metaspace       used 37650K, capacity 39794K, committed 39984K, reserved 1083392K
  class space    used 5011K, capacity 5412K, committed 5424K, reserved 1048576K
Event: 123.124 GC heap after
Heap after GC invocations=16 (full 2):
 PSYoungGen      total 65536K, used 7808K [0x000000076b100000, 0x000000076fe00000, 0x00000007c0000000)
  eden space 54272K, 0% used [0x000000076b100000,0x000000076b100000,0x000000076e600000)
  from space 11264K, 69% used [0x000000076f300000,0x000000076faa0010,0x000000076fe00000)
  to   space 12288K, 0% used [0x000000076e600000,0x000000076e600000,0x000000076f200000)
 ParOldGen       total 84992K, used 17602K [0x00000006c1200000, 0x00000006c6500000, 0x000000076b100000)
  object space 84992K, 20% used [0x00000006c1200000,0x00000006c2330a68,0x00000006c6500000)
 Metaspace       used 37650K, capacity 39794K, committed 39984K, reserved 1083392K
  class space    used 5011K, capacity 5412K, committed 5424K, reserved 1048576K
}

